<?xml version="1.0" encoding="UTF-8"?>
<!-- Generated by org.testng.reporters.JUnitReportReporter -->
<testsuite hostname="DESKTOP-8RUVTRU" failures="0" tests="3" name="files.DynamicJson" time="7.446" errors="0" timestamp="24 Apr 2021 12:36:06 GMT" skipped="0">
  <testcase classname="files.DynamicJson" name="addBook" time="0.561"/>
  <testcase classname="files.DynamicJson" name="addBook" time="5.372"/>
  <testcase classname="files.DynamicJson" name="addBook" time="1.513"/>
</testsuite> <!-- files.DynamicJson -->
